<?xml version="1.0" encoding="UTF-8"?><testsuite errors="0" failures="1" name="Buscar En Google con datos por parametro" skipped="0" tests="3" time="30.65" timestamp="2019-04-04 08:49:07"><testcase name="buscar en google"><failure message="La frase encontrada no corresponde a la buscqueda - &#10;Expected: is &quot;kjadshkjashdkjhaskjd&quot;&#10;     but: was &quot;hola tres&quot;" type="java.lang.AssertionError">La frase encontrada no corresponde a la buscqueda - 
Expected: is "kjadshkjashdkjhaskjd"
     but: was "hola tres"</failure><system-err>La frase encontrada no corresponde a la buscqueda - 
Expected: is "kjadshkjashdkjhaskjd"
     but: was "hola tres"&#13;
co.com.google.qa.miprimerscreenplay.stepsdefinitions.BuscarEnGoogleStepDefinition.elVerificaQueLaPalabraEsteEnLosResultados(BuscarEnGoogleStepDefinition.java:62)&#13;
✽.el verifica que la palabra "kjadshkjashdkjhaskjd" este en los resultados(src/test/resources/features/BuscarEnGoogle.feature:10)&#13;
</system-err></testcase></testsuite>